\BOOKMARK [1][-]{section.1}{Plots}{}% 1
\BOOKMARK [1][-]{section.2}{Experiment Comparisons}{}% 2
\BOOKMARK [2][-]{subsection.2.1}{Control vs Mutation}{section.2}% 3
\BOOKMARK [3][-]{subsubsection.2.1.1}{Dataset 1}{subsection.2.1}% 4
\BOOKMARK [3][-]{subsubsection.2.1.2}{Dataset 1}{subsection.2.1}% 5
\BOOKMARK [3][-]{subsubsection.2.1.3}{Dataset 2}{subsection.2.1}% 6
\BOOKMARK [2][-]{subsection.2.2}{Control vs 1-Elitism Restarts}{section.2}% 7
\BOOKMARK [3][-]{subsubsection.2.2.1}{Dataset 1}{subsection.2.2}% 8
\BOOKMARK [3][-]{subsubsection.2.2.2}{Dataset 2}{subsection.2.2}% 9
\BOOKMARK [2][-]{subsection.2.3}{Control vs 2-Elitism Restarts}{section.2}% 10
\BOOKMARK [3][-]{subsubsection.2.3.1}{Dataset 1}{subsection.2.3}% 11
\BOOKMARK [3][-]{subsubsection.2.3.2}{Dataset 2}{subsection.2.3}% 12
\BOOKMARK [2][-]{subsection.2.4}{1-Elitism Restarts vs 2-Elitism Restarts}{section.2}% 13
\BOOKMARK [3][-]{subsubsection.2.4.1}{Dataset 1}{subsection.2.4}% 14
\BOOKMARK [3][-]{subsubsection.2.4.2}{Dataset 2}{subsection.2.4}% 15
\BOOKMARK [1][-]{section.3}{Bonus 1}{}% 16
\BOOKMARK [2][-]{subsection.3.1}{Control vs Mutation with 1-Elitism Restarts}{section.3}% 17
\BOOKMARK [3][-]{subsubsection.3.1.1}{Dataset 1}{subsection.3.1}% 18
\BOOKMARK [3][-]{subsubsection.3.1.2}{Dataset 2}{subsection.3.1}% 19
\BOOKMARK [2][-]{subsection.3.2}{Mutation vs Mutation with 1-Elitism Restarts}{section.3}% 20
\BOOKMARK [3][-]{subsubsection.3.2.1}{Dataset 1}{subsection.3.2}% 21
\BOOKMARK [3][-]{subsubsection.3.2.2}{Dataset 2}{subsection.3.2}% 22
\BOOKMARK [2][-]{subsection.3.3}{1-Elitism Restarts vs Mutation with 1-Elitism Restarts}{section.3}% 23
\BOOKMARK [3][-]{subsubsection.3.3.1}{Dataset 1}{subsection.3.3}% 24
\BOOKMARK [3][-]{subsubsection.3.3.2}{Dataset 2}{subsection.3.3}% 25
\BOOKMARK [1][-]{section.4}{Bonus 2}{}% 26
\BOOKMARK [2][-]{subsection.4.1}{Control vs Recombination}{section.4}% 27
\BOOKMARK [3][-]{subsubsection.4.1.1}{Dataset 1}{subsection.4.1}% 28
\BOOKMARK [3][-]{subsubsection.4.1.2}{Dataset 2}{subsection.4.1}% 29
\BOOKMARK [2][-]{subsection.4.2}{1-Elitism Restarts vs Recombination with Restarts}{section.4}% 30
\BOOKMARK [3][-]{subsubsection.4.2.1}{Dataset 1}{subsection.4.2}% 31
\BOOKMARK [3][-]{subsubsection.4.2.2}{Dataset 2}{subsection.4.2}% 32
\BOOKMARK [2][-]{subsection.4.3}{Control vs Recombination with Mutation}{section.4}% 33
\BOOKMARK [3][-]{subsubsection.4.3.1}{Dataset 1}{subsection.4.3}% 34
\BOOKMARK [3][-]{subsubsection.4.3.2}{Dataset 2}{subsection.4.3}% 35
\BOOKMARK [2][-]{subsection.4.4}{1-Elitism vs Recombination with Mutation}{section.4}% 36
\BOOKMARK [3][-]{subsubsection.4.4.1}{Dataset 1}{subsection.4.4}% 37
\BOOKMARK [3][-]{subsubsection.4.4.2}{Dataset 2}{subsection.4.4}% 38
\BOOKMARK [2][-]{subsection.4.5}{Mutation vs Recombination with Mutation}{section.4}% 39
\BOOKMARK [3][-]{subsubsection.4.5.1}{Dataset 1}{subsection.4.5}% 40
\BOOKMARK [3][-]{subsubsection.4.5.2}{Dataset 2}{subsection.4.5}% 41
\BOOKMARK [2][-]{subsection.4.6}{Mutation vs Recombination with Mutation and 1-Elitism Restarts}{section.4}% 42
\BOOKMARK [3][-]{subsubsection.4.6.1}{Dataset 1}{subsection.4.6}% 43
\BOOKMARK [3][-]{subsubsection.4.6.2}{Dataset 2}{subsection.4.6}% 44
\BOOKMARK [2][-]{subsection.4.7}{Recombination vs Recombination with Mutation}{section.4}% 45
\BOOKMARK [3][-]{subsubsection.4.7.1}{Dataset 1}{subsection.4.7}% 46
\BOOKMARK [3][-]{subsubsection.4.7.2}{Dataset 2}{subsection.4.7}% 47
\BOOKMARK [2][-]{subsection.4.8}{Recombination vs Recombination with Mutation and 1-Elitism Restarts}{section.4}% 48
\BOOKMARK [3][-]{subsubsection.4.8.1}{Dataset 1}{subsection.4.8}% 49
\BOOKMARK [3][-]{subsubsection.4.8.2}{Dataset 2}{subsection.4.8}% 50
\BOOKMARK [1][-]{section.5}{Conclusion}{}% 51
