Training Result Log
CNF Training File Path:	datasets/set1/training/
CNF Testing File Path:	datasets/set1/testing/
Config File Path:	configurations/res1adaptMuDS1.cfg
Initialization Seed File Path:	solutions/res1adaptMuDS1.sol
Using Time-Generated Seed:	True
Random Seed Value:	1476044367.2104385

Mu:	25
Lambda:	25
R-Elitism Value:	1
Number of Generations Before Restart:	5
Number Selected From Initial Survivor Seed:	0
Initialization Scheme:	Biased towards small
Parent Selection Scheme:	Fitness Proportional Selection
Survivor Selection Scheme:	Fitness Proportional Selection
Survivor Strategy Scheme:	Comma
Survivor k-Tournament:	10
Parent k-Tournament:	5
Number of Generations for Convergence:	100
Timer Initialized Seed:	True
Initialization From Seed Flag:	False
Action on Best Convergence:	Nothing
Action on Average Convergence:	Restart
Mutation Self-Adaptivity Used:	True
Recombination Self-Adaptivity Used:	False
Evaluation Limit:	750

Number of Runs:	5
Evaluations per Run:	750


Run 1
25	0.41855940697113825	0.8971013364429452
50	0.5001595370579559	0.9328528103212215
75	0.5702056685304959	0.9328528103212215
100	0.5168915677143534	0.859933998595994
125	0.5600437442444839	0.930073890500496
150	0.5534742801368219	0.930073890500496
175	0.5885535042838816	0.930073890500496
200	0.5442300384165324	0.9328528103212215
225	0.5415711202487955	0.9328528103212215
250	0.5938347231815154	0.8525339093448546
275	0.5390199574478302	0.861200690388966
300	0.539692052400427	0.894542110386259
325	0.5643955479898631	0.859933998595994
350	0.5191910352052439	0.859933998595994
375	0.6284101908127586	0.930073890500496
400	0.5448612414751759	0.859933998595994
425	0.5308019279399356	0.9085805465211946
450	0.6357552971942985	0.9328528103212215
475	0.6314235268847928	0.930073890500496
500	0.5799747120222082	0.894542110386259
525	0.5482405106148212	0.9085805465211946
550	0.5539950014957199	0.930073890500496
575	0.5207551321719531	0.9029119274760683
600	0.5240905004539163	0.8476331247345024
625	0.530914682849073	0.894542110386259
650	0.5201783716669379	0.8476331247345024
675	0.5754718951812857	0.9029119274760683
700	0.5303301809406187	0.9328528103212215
725	0.5579615642468496	0.9029119274760683
750	0.5335540701864874	0.8525339093448546

Run 2
25	0.2676480874888524	0.5344954602400009
50	0.3124511854718817	0.5212680984302566
75	0.31482290572496857	0.5212680984302566
100	0.3183602190463648	0.5997406173992247
125	0.31437003864214197	0.5997406173992247
150	0.3279059684585549	0.5997406173992247
175	0.2999657708863594	0.5212680984302566
200	0.3204447724464698	0.5997406173992247
225	0.32139196101282197	0.5997406173992247
250	0.31564695711935203	0.5997406173992247
275	0.30990292465772734	0.5212680984302566
300	0.28465091083060096	0.46426210201182266
325	0.31991376033359686	0.5997406173992247
350	0.2926328913249795	0.4250801401426358
375	0.28974040350582486	0.5079606217355541
400	0.3162652331352474	0.5997406173992247
425	0.31252465512510963	0.529700813980259
450	0.3161112573889482	0.5997406173992247
475	0.3085462546183811	0.5212680984302566
500	0.32872294071106795	0.5701975250000714
525	0.33131290256308515	0.5997406173992247
550	0.2939399197242264	0.4319447463867928
575	0.3188635873427288	0.552774399517537
600	0.3498538465205198	0.5701975250000714
625	0.3337058618040508	0.5311575939519795
650	0.3167123654516766	0.5212680984302566
675	0.30472364209038766	0.5997406173992247
700	0.3343674571417945	0.4982339161043925
725	0.3351237429861252	0.5701975250000714
750	0.32977131177645963	0.5311575939519795

Run 3
25	0.2763004607945567	0.5238498650691028
50	0.3087106796599998	0.5877232475339202
75	0.30844848217429216	0.5877232475339202
100	0.32003744374431603	0.5962247521951677
125	0.3139466006793634	0.5877232475339202
150	0.31908654976279505	0.5877232475339202
175	0.32088063832235053	0.5962247521951677
199	0.282468657506821	0.5962247521951677
224	0.3017262689321613	0.5370666276721898
248	0.31203981722712226	0.5370666276721898
273	0.3246414695198351	0.5370666276721898
297	0.3564204521094581	0.6709401743582181
322	0.3180209359051528	0.5962247521951677
346	0.3372994362731043	0.5962247521951677
371	0.31585967755588873	0.7735402744780826
395	0.3654274600123715	0.7735402744780826
420	0.35776854957193704	0.6889236045011012
444	0.40035472656037546	0.6889236045011012
469	0.3638164862479124	0.7735402744780826
493	0.33184263494370564	0.7735402744780826
518	0.3767056202559218	0.6893342703480212
542	0.29057938878972606	0.6893342703480212
567	0.362341023374184	0.5962247521951677
591	0.28823894220125257	0.5962247521951677
616	0.38813422232386613	0.7735402744780826
640	0.3286116423976538	0.7735402744780826
665	0.3656031610392755	0.6889236045011012
689	0.31971338879947325	0.6889236045011012
714	0.3669778592334213	0.6507099655818925
738	0.3161298020731228	0.6507099655818925
763	0.37226844445835894	0.7446714752552277
24	0.29366653315490754	0.7446714752552277

Run 4
49	0.3009351904738946	0.5656493403596077
74	0.3234671209986697	0.5397288322988208
98	0.31175293695255957	0.6086868438841565
123	0.3419011896229573	0.5772281158803984
147	0.2694013200243578	0.5772281158803984
172	0.3277871179522112	0.5772281158803984
196	0.31437083526875237	0.5772281158803984
221	0.3362499772401787	0.5772281158803984
245	0.33463653870976434	0.5772281158803984
270	0.3073872714944789	0.4561502189340605
294	0.27202286807837284	0.4561502189340605
319	0.35308394244927926	0.5772281158803984
343	0.2986107305357405	0.5772281158803984
368	0.3202639164996409	0.5397288322988208
392	0.3092353611876947	0.5397288322988208
417	0.3545841618445828	0.6379004649309448
441	0.30563175769727735	0.6379004649309448
466	0.34986014228761225	0.6379004649309448
490	0.2808383028459948	0.6379004649309448
515	0.34552120067142594	0.6379004649309448
539	0.23970826987665664	0.6379004649309448
564	0.3293752706886639	0.48726595880751866
588	0.22593796506618605	0.48726595880751866
613	0.3504522158195239	0.6379004649309448
637	0.20733023377287033	0.6379004649309448
662	0.3392192961198255	0.5772281158803984
686	0.21598733477102003	0.5772281158803984
711	0.3442123562269193	0.4881479653828786
735	0.19679860693509363	0.4881479653828786
760	0.32847959797600285	0.5397288322988208
24	0.20538514969351	0.5397288322988208

Run 5
49	0.19945270030988893	0.35357089147357396
74	0.19420736792104978	0.30771406880615887
98	0.21088735086347754	0.3709441427265549
123	0.19342847475543098	0.30771406880615887
